<?xml version="1.0" encoding="UTF-8"?>
<testng-results ignored="0" total="1" passed="1" failed="0" skipped="0">
  <reporter-output>
  </reporter-output>
  <suite started-at="2021-10-16T19:20:16 CDT" name="Default suite" finished-at="2021-10-16T19:20:20 CDT" duration-ms="3956">
    <groups>
    </groups>
    <test started-at="2021-10-16T19:20:16 CDT" name="Default test" finished-at="2021-10-16T19:20:20 CDT" duration-ms="3956">
      <class name="_BookStoreRestAssured._BookStoreRestAssured.JsonSchemaValidator">
        <test-method signature="testschema()[pri:0, instance:_BookStoreRestAssured._BookStoreRestAssured.JsonSchemaValidator@d4342c2]" started-at="2021-10-16T19:20:16 CDT" name="testschema" finished-at="2021-10-16T19:20:20 CDT" duration-ms="3906" status="PASS">
          <reporter-output>
          </reporter-output>
        </test-method> <!-- testschema -->
      </class> <!-- _BookStoreRestAssured._BookStoreRestAssured.JsonSchemaValidator -->
    </test> <!-- Default test -->
  </suite> <!-- Default suite -->
</testng-results>
